#
# There is insufficient memory for the Java Runtime Environment to continue.
# Native memory allocation (malloc) failed to allocate 1672 bytes for AllocateHeap
# Possible reasons:
#   The system is out of physical RAM or swap space
#   In 32 bit mode, the process size limit was hit
# Possible solutions:
#   Reduce memory load on the system
#   Increase physical memory or swap space
#   Check if swap backing store is full
#   Use 64 bit Java on a 64 bit OS
#   Decrease Java heap size (-Xmx/-Xms)
#   Decrease number of Java threads
#   Decrease Java thread stack sizes (-Xss)
#   Set larger code cache with -XX:ReservedCodeCacheSize=
# This output file may be truncated or incomplete.
#
#  Out of Memory Error (memory/allocation.inline.hpp:61), pid=11656, tid=0x0000000000001fbc
#
# JRE version: Java(TM) SE Runtime Environment (8.0_101-b13) (build 1.8.0_101-b13)
# Java VM: Java HotSpot(TM) 64-Bit Server VM (25.101-b13 mixed mode windows-amd64 compressed oops)
# Failed to write core dump. Minidumps are not enabled by default on client versions of Windows
#

---------------  T H R E A D  ---------------

Current thread (0x000000001f3e6800):  JavaThread "RMI TCP Connection(2)-127.0.0.1" daemon [_thread_in_vm, id=8124, stack(0x00000000207a0000,0x00000000208a0000)]

Stack: [0x00000000207a0000,0x00000000208a0000]
[error occurred during error reporting (printing stack bounds), id 0xc0000005]

Native frames: (J=compiled Java code, j=interpreted, Vv=VM code, C=native code)

Java frames: (J=compiled Java code, j=interpreted, Vv=VM code)
J 1405  java.lang.Class.getDeclaredConstructors0(Z)[Ljava/lang/reflect/Constructor; (0 bytes) @ 0x000000000f33a5bb [0x000000000f33a580+0x3b]
J 999 C1 java.lang.Class.privateGetDeclaredConstructors(Z)[Ljava/lang/reflect/Constructor; (85 bytes) @ 0x000000000f29fff4 [0x000000000f29fe60+0x194]
J 1087 C1 java.lang.Class.getConstructor0([Ljava/lang/Class;I)Ljava/lang/reflect/Constructor; (103 bytes) @ 0x000000000f2b7abc [0x000000000f2b7a60+0x5c]
J 3255 C1 java.lang.Class.newInstance()Ljava/lang/Object; (155 bytes) @ 0x000000000f653f8c [0x000000000f653e60+0x12c]
j  sun.reflect.MethodAccessorGenerator$1.run()Lsun/reflect/MagicAccessorImpl;+24
j  sun.reflect.MethodAccessorGenerator$1.run()Ljava/lang/Object;+1
v  ~StubRoutines::call_stub
J 309  java.security.AccessController.doPrivileged(Ljava/security/PrivilegedAction;)Ljava/lang/Object; (0 bytes) @ 0x000000000f190312 [0x000000000f1902c0+0x52]
j  sun.reflect.MethodAccessorGenerator.generate(Ljava/lang/Class;Ljava/lang/String;[Ljava/lang/Class;Ljava/lang/Class;[Ljava/lang/Class;IZZLjava/lang/Class;)Lsun/reflect/MagicAccessorImpl;+755
j  sun.reflect.MethodAccessorGenerator.generateSerializationConstructor(Ljava/lang/Class;[Ljava/lang/Class;[Ljava/lang/Class;ILjava/lang/Class;)Lsun/reflect/SerializationConstructorAccessorImpl;+15
j  sun.reflect.ReflectionFactory.newConstructorForSerialization(Ljava/lang/Class;Ljava/lang/reflect/Constructor;)Ljava/lang/reflect/Constructor;+34
j  java.io.ObjectStreamClass.getSerializableConstructor(Ljava/lang/Class;)Ljava/lang/reflect/Constructor;+63
j  java.io.ObjectStreamClass.access$1500(Ljava/lang/Class;)Ljava/lang/reflect/Constructor;+1
j  java.io.ObjectStreamClass$2.run()Ljava/lang/Void;+176
j  java.io.ObjectStreamClass$2.run()Ljava/lang/Object;+1
v  ~StubRoutines::call_stub
J 309  java.security.AccessController.doPrivileged(Ljava/security/PrivilegedAction;)Ljava/lang/Object; (0 bytes) @ 0x000000000f190312 [0x000000000f1902c0+0x52]
j  java.io.ObjectStreamClass.<init>(Ljava/lang/Class;)V+103
J 1173 C1 java.io.ObjectStreamClass.lookup(Ljava/lang/Class;Z)Ljava/io/ObjectStreamClass; (335 bytes) @ 0x000000000f2d8894 [0x000000000f2d8180+0x714]
j  java.io.ObjectStreamClass.<init>(Ljava/lang/Class;)V+72
J 1173 C1 java.io.ObjectStreamClass.lookup(Ljava/lang/Class;Z)Ljava/io/ObjectStreamClass; (335 bytes) @ 0x000000000f2d8894 [0x000000000f2d8180+0x714]
j  java.io.ObjectStreamClass.<init>(Ljava/lang/Class;)V+72
J 1173 C1 java.io.ObjectStreamClass.lookup(Ljava/lang/Class;Z)Ljava/io/ObjectStreamClass; (335 bytes) @ 0x000000000f2d8894 [0x000000000f2d8180+0x714]
J 1176 C1 java.io.ObjectOutputStream.writeObject0(Ljava/lang/Object;Z)V (619 bytes) @ 0x000000000f2da684 [0x000000000f2da2e0+0x3a4]
J 1970 C1 java.io.ObjectOutputStream.defaultWriteFields(Ljava/lang/Object;Ljava/io/ObjectStreamClass;)V (270 bytes) @ 0x000000000f3fc6c4 [0x000000000f3fc3c0+0x304]
J 3389 C1 java.io.ObjectOutputStream.writeSerialData(Ljava/lang/Object;Ljava/io/ObjectStreamClass;)V (221 bytes) @ 0x000000000f697b14 [0x000000000f697760+0x3b4]
J 2064 C1 java.io.ObjectOutputStream.writeOrdinaryObject(Ljava/lang/Object;Ljava/io/ObjectStreamClass;Z)V (175 bytes) @ 0x000000000f422a8c [0x000000000f422920+0x16c]
J 1176 C1 java.io.ObjectOutputStream.writeObject0(Ljava/lang/Object;Z)V (619 bytes) @ 0x000000000f2dac2c [0x000000000f2da2e0+0x94c]
J 2767 C1 java.io.ObjectOutputStream.writeObject(Ljava/lang/Object;)V (38 bytes) @ 0x000000000f55f064 [0x000000000f55f000+0x64]
j  sun.rmi.server.UnicastServerRef.dispatch(Ljava/rmi/Remote;Ljava/rmi/server/RemoteCall;)V+373
j  sun.rmi.transport.Transport$1.run()Ljava/lang/Void;+23
j  sun.rmi.transport.Transport$1.run()Ljava/lang/Object;+1
v  ~StubRoutines::call_stub
J 720  java.security.AccessController.doPrivileged(Ljava/security/PrivilegedExceptionAction;Ljava/security/AccessControlContext;)Ljava/lang/Object; (0 bytes) @ 0x000000000f23b2a6 [0x000000000f23b240+0x66]
j  sun.rmi.transport.Transport.serviceCall(Ljava/rmi/server/RemoteCall;)Z+157
j  sun.rmi.transport.tcp.TCPTransport.handleMessages(Lsun/rmi/transport/Connection;Z)V+185
j  sun.rmi.transport.tcp.TCPTransport$ConnectionHandler.run0()V+680
j  sun.rmi.transport.tcp.TCPTransport$ConnectionHandler.lambda$run$0()Ljava/lang/Void;+1
j  sun.rmi.transport.tcp.TCPTransport$ConnectionHandler$$Lambda$2.run()Ljava/lang/Object;+4
v  ~StubRoutines::call_stub
j  java.security.AccessController.doPrivileged(Ljava/security/PrivilegedAction;Ljava/security/AccessControlContext;)Ljava/lang/Object;+0
j  sun.rmi.transport.tcp.TCPTransport$ConnectionHandler.run()V+58
j  java.util.concurrent.ThreadPoolExecutor.runWorker(Ljava/util/concurrent/ThreadPoolExecutor$Worker;)V+95
j  java.util.concurrent.ThreadPoolExecutor$Worker.run()V+5
j  java.lang.Thread.run()V+11
v  ~StubRoutines::call_stub

---------------  P R O C E S S  ---------------

Java Threads: ( => current thread )
  0x0000000022d84000 JavaThread "DestroyJavaVM" [_thread_blocked, id=1852, stack(0x0000000002790000,0x0000000002890000)]
  0x0000000022d83000 JavaThread "redisson-netty-4-31" [_thread_in_native, id=9804, stack(0x0000000027840000,0x0000000027940000)]
  0x0000000022d82800 JavaThread "redisson-netty-4-28" [_thread_in_native, id=11080, stack(0x0000000027330000,0x0000000027430000)]
  0x0000000022d81800 JavaThread "redisson-netty-4-29" [_thread_in_native, id=8688, stack(0x0000000027570000,0x0000000027670000)]
  0x0000000022d48000 JavaThread "redisson-netty-4-30" [_thread_in_native, id=7516, stack(0x0000000027470000,0x0000000027570000)]
  0x0000000022d47000 JavaThread "redisson-netty-4-32" [_thread_in_native, id=10060, stack(0x0000000026b40000,0x0000000026c40000)]
  0x0000000022d46800 JavaThread "redisson-netty-4-27" [_thread_in_native, id=3984, stack(0x0000000027230000,0x0000000027330000)]
  0x0000000022d45800 JavaThread "redisson-netty-4-26" [_thread_in_native, id=10468, stack(0x0000000026fe0000,0x00000000270e0000)]
  0x0000000022d45000 JavaThread "redisson-netty-4-25" [_thread_in_native, id=11316, stack(0x0000000026e40000,0x0000000026f40000)]
  0x0000000022d44000 JavaThread "redisson-netty-4-24" [_thread_in_native, id=8012, stack(0x0000000026cd0000,0x0000000026dd0000)]
  0x0000000022d43800 JavaThread "redisson-netty-4-23" [_thread_in_native, id=7836, stack(0x0000000026a40000,0x0000000026b40000)]
  0x0000000022d42800 JavaThread "redisson-netty-4-22" [_thread_in_native, id=9396, stack(0x0000000026920000,0x0000000026a20000)]
  0x0000000022d42000 JavaThread "redisson-netty-4-21" [_thread_in_native, id=5992, stack(0x0000000026560000,0x0000000026660000)]
  0x0000000022d41000 JavaThread "redisson-netty-4-20" [_thread_in_native, id=7444, stack(0x0000000026820000,0x0000000026920000)]
  0x0000000022d40800 JavaThread "redisson-netty-4-19" [_thread_in_native, id=10100, stack(0x00000000266e0000,0x00000000267e0000)]
  0x0000000022d3f800 JavaThread "redisson-netty-4-18" [_thread_in_native, id=11428, stack(0x0000000026160000,0x0000000026260000)]
  0x0000000022d3e800 JavaThread "redisson-netty-4-17" [_thread_in_native, id=3988, stack(0x00000000263f0000,0x00000000264f0000)]
  0x0000000022d3e000 JavaThread "redisson-netty-4-16" [_thread_in_native, id=11960, stack(0x0000000026260000,0x0000000026360000)]
  0x0000000022d3d000 JavaThread "redisson-netty-4-15" [_thread_in_native, id=9972, stack(0x0000000025060000,0x0000000025160000)]
  0x0000000022d3c800 JavaThread "redisson-netty-4-14" [_thread_in_native, id=10364, stack(0x0000000025fc0000,0x00000000260c0000)]
  0x0000000022d3b800 JavaThread "redisson-netty-4-13" [_thread_in_native, id=10452, stack(0x0000000025b60000,0x0000000025c60000)]
  0x0000000022d3b000 JavaThread "redisson-netty-4-12" [_thread_in_native, id=9988, stack(0x0000000025e10000,0x0000000025f10000)]
  0x0000000022d3a000 JavaThread "redisson-netty-4-11" [_thread_in_native, id=8336, stack(0x0000000025c60000,0x0000000025d60000)]
  0x0000000022d39800 JavaThread "redisson-netty-4-10" [_thread_in_native, id=10832, stack(0x0000000025a50000,0x0000000025b50000)]
  0x0000000022d38800 JavaThread "redisson-netty-4-9" [_thread_in_native, id=9464, stack(0x00000000252c0000,0x00000000253c0000)]
  0x00000000202ef000 JavaThread "redisson-netty-4-8" [_thread_in_native, id=7992, stack(0x0000000025890000,0x0000000025990000)]
  0x00000000202ee800 JavaThread "redisson-netty-4-7" [_thread_in_native, id=6732, stack(0x0000000025770000,0x0000000025870000)]
  0x00000000202ed800 JavaThread "redisson-netty-4-6" [_thread_in_native, id=10848, stack(0x0000000024c40000,0x0000000024d40000)]
  0x00000000202ed000 JavaThread "redisson-netty-4-5" [_thread_in_native, id=11768, stack(0x0000000025670000,0x0000000025770000)]
  0x00000000202ec000 JavaThread "redisson-netty-4-4" [_thread_in_native, id=1104, stack(0x00000000254c0000,0x00000000255c0000)]
  0x00000000202eb800 JavaThread "redisson-netty-4-3" [_thread_in_native, id=10684, stack(0x00000000253c0000,0x00000000254c0000)]
  0x00000000202ea800 JavaThread "redisson-netty-4-2" [_thread_in_native, id=9500, stack(0x0000000025170000,0x0000000025270000)]
  0x00000000202ea000 JavaThread "redisson-netty-4-1" [_thread_in_native, id=7768, stack(0x0000000024d50000,0x0000000024e50000)]
  0x00000000202e9000 JavaThread "Thread-27" daemon [_thread_in_native, id=6756, stack(0x0000000024460000,0x0000000024560000)]
  0x00000000202e8800 JavaThread "container-0" [_thread_blocked, id=11228, stack(0x0000000024700000,0x0000000024800000)]
  0x00000000202e7800 JavaThread "Catalina-utility-2" [_thread_blocked, id=9416, stack(0x00000000245a0000,0x00000000246a0000)]
  0x00000000202e7000 JavaThread "Catalina-utility-1" [_thread_blocked, id=7928, stack(0x00000000242c0000,0x00000000243c0000)]
  0x00000000202e6000 JavaThread "com.alibaba.nacos.naming.push.receiver" daemon [_thread_in_native, id=10268, stack(0x00000000241b0000,0x00000000242b0000)]
  0x00000000202e5800 JavaThread "com.alibaba.nacos.naming.failover" daemon [_thread_blocked, id=11620, stack(0x0000000023d10000,0x0000000023e10000)]
  0x00000000202e4800 JavaThread "com.alibaba.nacos.naming.beat.sender" daemon [_thread_blocked, id=11628, stack(0x0000000023fd0000,0x00000000240d0000)]
  0x00000000202e4000 JavaThread "com.alibaba.nacos.naming.beat.sender" daemon [_thread_blocked, id=7332, stack(0x0000000023e40000,0x0000000023f40000)]
  0x00000000202e3000 JavaThread "com.alibaba.nacos.naming.client.listener" daemon [_thread_blocked, id=7960, stack(0x0000000023be0000,0x0000000023ce0000)]
  0x00000000202e2800 JavaThread "Timer-0" daemon [_thread_blocked, id=4320, stack(0x0000000023ab0000,0x0000000023bb0000)]
  0x00000000202e1800 JavaThread "logback-1" daemon [_thread_blocked, id=11320, stack(0x0000000020af0000,0x0000000020bf0000)]
  0x00000000202e1000 JavaThread "spring.cloud.inetutils" daemon [_thread_blocked, id=6812, stack(0x00000000237a0000,0x00000000238a0000)]
  0x00000000202e0000 JavaThread "lettuce-eventExecutorLoop-1-1" daemon [_thread_blocked, id=9660, stack(0x0000000023430000,0x0000000023530000)]
  0x000000001f3e7000 JavaThread "RMI Scheduler(0)" daemon [_thread_blocked, id=8684, stack(0x0000000020980000,0x0000000020a80000)]
=>0x000000001f3e6800 JavaThread "RMI TCP Connection(2)-127.0.0.1" daemon [_thread_in_vm, id=8124, stack(0x00000000207a0000,0x00000000208a0000)]
  0x000000001e80e800 JavaThread "RMI TCP Connection(1)-127.0.0.1" daemon [_thread_in_native, id=10828, stack(0x00000000203f0000,0x00000000204f0000)]
  0x000000001e658000 JavaThread "RMI TCP Accept-0" daemon [_thread_in_native, id=8056, stack(0x000000001f260000,0x000000001f360000)]
  0x000000001e634800 JavaThread "RMI TCP Accept-4335" daemon [_thread_in_native, id=10128, stack(0x000000001f150000,0x000000001f250000)]
  0x000000001e5f2000 JavaThread "RMI TCP Accept-0" daemon [_thread_in_native, id=10872, stack(0x000000001ee30000,0x000000001ef30000)]
  0x000000001e4cf000 JavaThread "Service Thread" daemon [_thread_blocked, id=11100, stack(0x000000001ea70000,0x000000001eb70000)]
  0x000000001e444000 JavaThread "C1 CompilerThread2" daemon [_thread_blocked, id=8788, stack(0x000000001e970000,0x000000001ea70000)]
  0x000000001e43b000 JavaThread "C2 CompilerThread1" daemon [_thread_blocked, id=8536, stack(0x000000000e990000,0x000000000ea90000)]
  0x000000001e437000 JavaThread "C2 CompilerThread0" daemon [_thread_blocked, id=7040, stack(0x000000001e810000,0x000000001e910000)]
  0x000000001e434000 JavaThread "Monitor Ctrl-Break" daemon [_thread_in_native, id=7536, stack(0x000000000edf0000,0x000000000eef0000)]
  0x000000000e562800 JavaThread "Attach Listener" daemon [_thread_blocked, id=9468, stack(0x000000000ec40000,0x000000000ed40000)]
  0x000000000d1d6800 JavaThread "Signal Dispatcher" daemon [_thread_blocked, id=9796, stack(0x000000000ead0000,0x000000000ebd0000)]
  0x000000000d1c3800 JavaThread "Finalizer" daemon [_thread_blocked, id=5824, stack(0x000000000e450000,0x000000000e550000)]
  0x000000000d17c000 JavaThread "Reference Handler" daemon [_thread_blocked, id=7252, stack(0x000000000e240000,0x000000000e340000)]

Other Threads:
  0x000000000d174800 VMThread [stack: 0x000000000e110000,0x000000000e210000] [id=7676]
  0x000000001e694000 WatcherThread [stack: 0x000000000eef0000,0x000000000eff0000] [id=10284]

VM state:not at safepoint (normal execution)

VM Mutex/Monitor currently owned by a thread:  ([mutex/lock_event])
[0x00000000024e8c00] SystemDictionary_lock - owner thread: 0x000000001f3e6800

Heap:
 PSYoungGen      total 113664K, used 101881K [0x000000076b300000, 0x0000000772c00000, 0x00000007c0000000)
  eden space 103424K, 88% used [0x000000076b300000,0x0000000770c84eb0,0x0000000771800000)
  from space 10240K, 99% used [0x0000000772200000,0x0000000772bf95f8,0x0000000772c00000)
  to   space 10240K, 0% used [0x0000000771800000,0x0000000771800000,0x0000000772200000)
 ParOldGen       total 97792K, used 16927K [0x00000006c1800000, 0x00000006c7780000, 0x000000076b300000)
  object space 97792K, 17% used [0x00000006c1800000,0x00000006c2887c60,0x00000006c7780000)
 Metaspace       used 48521K, capacity 51334K, committed 51456K, reserved 1093632K
  class space    used 6587K, capacity 7119K, committed 7168K, reserved 1048576K

Card table byte_map: [0x0000000002e10000,0x0000000003610000] byte_map_base: 0xffffffffff804000

Marking Bits: (ParMarkBitMap*) 0x00000000601ba6d0
 Begin Bits: [0x00000000040a0000, 0x0000000008040000)
 End Bits:   [0x0000000008040000, 0x000000000bfe0000)

Polling page: 0x0000000000350000

CodeCache: size=245760Kb used=8562Kb max_used=8562Kb free=237197Kb
 bounds [0x000000000f010000, 0x000000000f870000, 0x000000001e010000]
 total_blobs=5036 nmethods=4516 adapters=432
 compilation: enabled

Compilation events (10 events):
Event: 10.638 Thread 0x000000001e444000 4579       1       java.io.BufferedWriter::ensureOpen (18 bytes)
Event: 10.638 Thread 0x000000001e444000 nmethod 4579 0x000000000f550d10 code [0x000000000f550e80, 0x000000000f551048]
Event: 10.678 Thread 0x000000001e444000 4580   !   1       sun.rmi.transport.StreamRemoteCall::releaseInputStream (62 bytes)
Event: 10.679 Thread 0x000000001e444000 nmethod 4580 0x000000000f5506d0 code [0x000000000f550860, 0x000000000f550ac8]
Event: 10.679 Thread 0x000000001e444000 4582   !   1       sun.rmi.server.LoaderHandler::getClassAnnotation (234 bytes)
Event: 10.680 Thread 0x000000001e444000 nmethod 4582 0x000000000f86d4d0 code [0x000000000f86d7a0, 0x000000000f86e3f8]
Event: 10.680 Thread 0x000000001e444000 4583       1       java.io.FilterInputStream::read (8 bytes)
Event: 10.680 Thread 0x000000001e444000 nmethod 4583 0x000000000f5503d0 code [0x000000000f550520, 0x000000000f550668]
Event: 10.680 Thread 0x000000001e444000 4581       1       sun.rmi.transport.tcp.TCPConnection::releaseInputStream (1 bytes)
Event: 10.680 Thread 0x000000001e444000 nmethod 4581 0x000000000f550110 code [0x000000000f550260, 0x000000000f550370]

GC Heap History (10 events):
Event: 7.043 GC heap before
{Heap before GC invocations=8 (full 1):
 PSYoungGen      total 113664K, used 111372K [0x000000076b300000, 0x0000000772c00000, 0x00000007c0000000)
  eden space 103424K, 100% used [0x000000076b300000,0x0000000771800000,0x0000000771800000)
  from space 10240K, 77% used [0x0000000772200000,0x00000007729c3308,0x0000000772c00000)
  to   space 10240K, 0% used [0x0000000771800000,0x0000000771800000,0x0000000772200000)
 ParOldGen       total 97792K, used 8896K [0x00000006c1800000, 0x00000006c7780000, 0x000000076b300000)
  object space 97792K, 9% used [0x00000006c1800000,0x00000006c20b00e0,0x00000006c7780000)
 Metaspace       used 31858K, capacity 33152K, committed 33280K, reserved 1077248K
  class space    used 4348K, capacity 4608K, committed 4608K, reserved 1048576K
Event: 7.056 GC heap after
Heap after GC invocations=8 (full 1):
 PSYoungGen      total 113664K, used 10216K [0x000000076b300000, 0x0000000772c00000, 0x00000007c0000000)
  eden space 103424K, 0% used [0x000000076b300000,0x000000076b300000,0x0000000771800000)
  from space 10240K, 99% used [0x0000000771800000,0x00000007721fa308,0x0000000772200000)
  to   space 10240K, 0% used [0x0000000772200000,0x0000000772200000,0x0000000772c00000)
 ParOldGen       total 97792K, used 11224K [0x00000006c1800000, 0x00000006c7780000, 0x000000076b300000)
  object space 97792K, 11% used [0x00000006c1800000,0x00000006c22f60d0,0x00000006c7780000)
 Metaspace       used 31858K, capacity 33152K, committed 33280K, reserved 1077248K
  class space    used 4348K, capacity 4608K, committed 4608K, reserved 1048576K
}
Event: 7.423 GC heap before
{Heap before GC invocations=9 (full 1):
 PSYoungGen      total 113664K, used 49018K [0x000000076b300000, 0x0000000772c00000, 0x00000007c0000000)
  eden space 103424K, 37% used [0x000000076b300000,0x000000076d8e4888,0x0000000771800000)
  from space 10240K, 99% used [0x0000000771800000,0x00000007721fa308,0x0000000772200000)
  to   space 10240K, 0% used [0x0000000772200000,0x0000000772200000,0x0000000772c00000)
 ParOldGen       total 97792K, used 11224K [0x00000006c1800000, 0x00000006c7780000, 0x000000076b300000)
  object space 97792K, 11% used [0x00000006c1800000,0x00000006c22f60d0,0x00000006c7780000)
 Metaspace       used 33619K, capacity 35416K, committed 35456K, reserved 1079296K
  class space    used 4611K, capacity 4970K, committed 4992K, reserved 1048576K
Event: 7.433 GC heap after
Heap after GC invocations=9 (full 1):
 PSYoungGen      total 113664K, used 9137K [0x000000076b300000, 0x0000000772c00000, 0x00000007c0000000)
  eden space 103424K, 0% used [0x000000076b300000,0x000000076b300000,0x0000000771800000)
  from space 10240K, 89% used [0x0000000772200000,0x0000000772aec6a0,0x0000000772c00000)
  to   space 10240K, 0% used [0x0000000771800000,0x0000000771800000,0x0000000772200000)
 ParOldGen       total 97792K, used 12832K [0x00000006c1800000, 0x00000006c7780000, 0x000000076b300000)
  object space 97792K, 13% used [0x00000006c1800000,0x00000006c24880d0,0x00000006c7780000)
 Metaspace       used 33619K, capacity 35416K, committed 35456K, reserved 1079296K
  class space    used 4611K, capacity 4970K, committed 4992K, reserved 1048576K
}
Event: 7.433 GC heap before
{Heap before GC invocations=10 (full 2):
 PSYoungGen      total 113664K, used 9137K [0x000000076b300000, 0x0000000772c00000, 0x00000007c0000000)
  eden space 103424K, 0% used [0x000000076b300000,0x000000076b300000,0x0000000771800000)
  from space 10240K, 89% used [0x0000000772200000,0x0000000772aec6a0,0x0000000772c00000)
  to   space 10240K, 0% used [0x0000000771800000,0x0000000771800000,0x0000000772200000)
 ParOldGen       total 97792K, used 12832K [0x00000006c1800000, 0x00000006c7780000, 0x000000076b300000)
  object space 97792K, 13% used [0x00000006c1800000,0x00000006c24880d0,0x00000006c7780000)
 Metaspace       used 33619K, capacity 35416K, committed 35456K, reserved 1079296K
  class space    used 4611K, capacity 4970K, committed 4992K, reserved 1048576K
Event: 7.501 GC heap after
Heap after GC invocations=10 (full 2):
 PSYoungGen      total 113664K, used 0K [0x000000076b300000, 0x0000000772c00000, 0x00000007c0000000)
  eden space 103424K, 0% used [0x000000076b300000,0x000000076b300000,0x0000000771800000)
  from space 10240K, 0% used [0x0000000772200000,0x0000000772200000,0x0000000772c00000)
  to   space 10240K, 0% used [0x0000000771800000,0x0000000771800000,0x0000000772200000)
 ParOldGen       total 97792K, used 16203K [0x00000006c1800000, 0x00000006c7780000, 0x000000076b300000)
  object space 97792K, 16% used [0x00000006c1800000,0x00000006c27d2d30,0x00000006c7780000)
 Metaspace       used 33619K, capacity 35416K, committed 35456K, reserved 1079296K
  class space    used 4611K, capacity 4970K, committed 4992K, reserved 1048576K
}
Event: 8.458 GC heap before
{Heap before GC invocations=11 (full 2):
 PSYoungGen      total 113664K, used 103424K [0x000000076b300000, 0x0000000772c00000, 0x00000007c0000000)
  eden space 103424K, 100% used [0x000000076b300000,0x0000000771800000,0x0000000771800000)
  from space 10240K, 0% used [0x0000000772200000,0x0000000772200000,0x0000000772c00000)
  to   space 10240K, 0% used [0x0000000771800000,0x0000000771800000,0x0000000772200000)
 ParOldGen       total 97792K, used 16203K [0x00000006c1800000, 0x00000006c7780000, 0x000000076b300000)
  object space 97792K, 16% used [0x00000006c1800000,0x00000006c27d2d30,0x00000006c7780000)
 Metaspace       used 38570K, capacity 40930K, committed 41088K, reserved 1085440K
  class space    used 5288K, capacity 5727K, committed 5760K, reserved 1048576K
Event: 8.468 GC heap after
Heap after GC invocations=11 (full 2):
 PSYoungGen      total 113664K, used 6818K [0x000000076b300000, 0x0000000772c00000, 0x00000007c0000000)
  eden space 103424K, 0% used [0x000000076b300000,0x000000076b300000,0x0000000771800000)
  from space 10240K, 66% used [0x0000000771800000,0x0000000771ea8af8,0x0000000772200000)
  to   space 10240K, 0% used [0x0000000772200000,0x0000000772200000,0x0000000772c00000)
 ParOldGen       total 97792K, used 16203K [0x00000006c1800000, 0x00000006c7780000, 0x000000076b300000)
  object space 97792K, 16% used [0x00000006c1800000,0x00000006c27d2d30,0x00000006c7780000)
 Metaspace       used 38570K, capacity 40930K, committed 41088K, reserved 1085440K
  class space    used 5288K, capacity 5727K, committed 5760K, reserved 1048576K
}
Event: 9.550 GC heap before
{Heap before GC invocations=12 (full 2):
 PSYoungGen      total 113664K, used 110242K [0x000000076b300000, 0x0000000772c00000, 0x00000007c0000000)
  eden space 103424K, 100% used [0x000000076b300000,0x0000000771800000,0x0000000771800000)
  from space 10240K, 66% used [0x0000000771800000,0x0000000771ea8af8,0x0000000772200000)
  to   space 10240K, 0% used [0x0000000772200000,0x0000000772200000,0x0000000772c00000)
 ParOldGen       total 97792K, used 16203K [0x00000006c1800000, 0x00000006c7780000, 0x000000076b300000)
  object space 97792K, 16% used [0x00000006c1800000,0x00000006c27d2d30,0x00000006c7780000)
 Metaspace       used 44345K, capacity 47048K, committed 47360K, reserved 1089536K
  class space    used 6091K, capacity 6582K, committed 6656K, reserved 1048576K
Event: 9.563 GC heap after
Heap after GC invocations=12 (full 2):
 PSYoungGen      total 113664K, used 10213K [0x000000076b300000, 0x0000000772c00000, 0x00000007c0000000)
  eden space 103424K, 0% used [0x000000076b300000,0x000000076b300000,0x0000000771800000)
  from space 10240K, 99% used [0x0000000772200000,0x0000000772bf95f8,0x0000000772c00000)
  to   space 10240K, 0% used [0x0000000771800000,0x0000000771800000,0x0000000772200000)
 ParOldGen       total 97792K, used 16927K [0x00000006c1800000, 0x00000006c7780000, 0x000000076b300000)
  object space 97792K, 17% used [0x00000006c1800000,0x00000006c2887c60,0x00000006c7780000)
 Metaspace       used 44345K, capacity 47048K, committed 47360K, reserved 1089536K
  class space    used 6091K, capacity 6582K, committed 6656K, reserved 1048576K
}

Deoptimization events (0 events):
No events

Internal exceptions (10 events):
Event: 10.636 Thread 0x00000000024f2000 Exception <a 'java/lang/OutOfMemoryError'> (0x0000000770ad4e60) thrown at [C:\re\workspace\8-2-build-windows-amd64-cygwin\jdk8u101\7261\hotspot\src\share\vm\prims\jvm.cpp, line 1390]
Event: 10.636 Thread 0x00000000024f2000 Exception <a 'java/lang/ArrayIndexOutOfBoundsException'> (0x0000000770ad5fa8) thrown at [C:\re\workspace\8-2-build-windows-amd64-cygwin\jdk8u101\7261\hotspot\src\share\vm\runtime\sharedRuntime.cpp, line 605]
Event: 10.637 Thread 0x00000000024f2000 Exception <a 'java/lang/OutOfMemoryError'> (0x0000000770af1ae8) thrown at [C:\re\workspace\8-2-build-windows-amd64-cygwin\jdk8u101\7261\hotspot\src\share\vm\prims\jni.cpp, line 735]
Event: 10.637 Thread 0x00000000024f2000 Exception <a 'java/lang/OutOfMemoryError'> (0x0000000770af1ae8) thrown at [C:\re\workspace\8-2-build-windows-amd64-cygwin\jdk8u101\7261\hotspot\src\share\vm\prims\jvm.cpp, line 1390]
Event: 10.637 Thread 0x00000000024f2000 Exception <a 'java/lang/OutOfMemoryError'> (0x0000000770af1ae8) thrown at [C:\re\workspace\8-2-build-windows-amd64-cygwin\jdk8u101\7261\hotspot\src\share\vm\prims\jvm.cpp, line 1390]
Event: 10.637 Thread 0x00000000024f2000 Exception <a 'java/lang/OutOfMemoryError'> (0x0000000770af9918) thrown at [C:\re\workspace\8-2-build-windows-amd64-cygwin\jdk8u101\7261\hotspot\src\share\vm\prims\jni.cpp, line 735]
Event: 10.637 Thread 0x00000000024f2000 Exception <a 'java/lang/OutOfMemoryError'> (0x0000000770af9918) thrown at [C:\re\workspace\8-2-build-windows-amd64-cygwin\jdk8u101\7261\hotspot\src\share\vm\prims\jvm.cpp, line 1390]
Event: 10.638 Thread 0x00000000024f2000 Exception <a 'java/lang/OutOfMemoryError'> (0x0000000770b01748) thrown at [C:\re\workspace\8-2-build-windows-amd64-cygwin\jdk8u101\7261\hotspot\src\share\vm\prims\jni.cpp, line 735]
Event: 10.638 Thread 0x00000000024f2000 Exception <a 'java/lang/OutOfMemoryError'> (0x0000000770b01748) thrown at [C:\re\workspace\8-2-build-windows-amd64-cygwin\jdk8u101\7261\hotspot\src\share\vm\prims\jvm.cpp, line 1390]
Event: 10.679 Thread 0x000000001f3e6800 Exception <a 'java/lang/OutOfMemoryError': unable to create new native thread> (0x000000076e706258) thrown at [C:\re\workspace\8-2-build-windows-amd64-cygwin\jdk8u101\7261\hotspot\src\share\vm\prims\jvm.cpp, line 3020]

Events (10 events):
Event: 10.637 loading class org/springframework/core/log/LogMessage
Event: 10.637 loading class org/springframework/core/log/LogMessage done
Event: 10.637 loading class ch/qos/logback/classic/spi/ThrowableProxy
Event: 10.637 loading class ch/qos/logback/classic/spi/ThrowableProxy done
Event: 10.638 loading class java/lang/Throwable$WrappedPrintStream
Event: 10.638 loading class java/lang/Throwable$WrappedPrintStream done
Event: 10.638 Thread 0x00000000024f2000 Thread exited: 0x00000000024f2000
Event: 10.638 Thread 0x0000000022d84000 Thread added: 0x0000000022d84000
Event: 10.679 loading class java/rmi/ServerError
Event: 10.679 loading class java/rmi/ServerError done


Dynamic libraries:
0x000000013f380000 - 0x000000013f3b7000 	C:\Program Files\Java\jdk1.8.0_101\bin\java.exe
0x00000000773c0000 - 0x0000000077569000 	C:\Windows\SYSTEM32\ntdll.dll
0x00000000772a0000 - 0x00000000773bf000 	C:\Windows\system32\kernel32.dll
0x000007fefd3e0000 - 0x000007fefd44c000 	C:\Windows\system32\KERNELBASE.dll
0x000007fefd7c0000 - 0x000007fefd89b000 	C:\Windows\system32\ADVAPI32.dll
0x000007fefd5f0000 - 0x000007fefd68f000 	C:\Windows\system32\msvcrt.dll
0x000007fefeda0000 - 0x000007fefedbf000 	C:\Windows\SYSTEM32\sechost.dll
0x000007fefdd90000 - 0x000007fefdebd000 	C:\Windows\system32\RPCRT4.dll
0x00000000771a0000 - 0x000000007729a000 	C:\Windows\system32\USER32.dll
0x000007fefd750000 - 0x000007fefd7b7000 	C:\Windows\system32\GDI32.dll
0x000007fefd6c0000 - 0x000007fefd6ce000 	C:\Windows\system32\LPK.dll
0x000007fefdf40000 - 0x000007fefe00a000 	C:\Windows\system32\USP10.dll
0x000007fefbb70000 - 0x000007fefbd64000 	C:\Windows\WinSxS\amd64_microsoft.windows.common-controls_6595b64144ccf1df_6.0.7601.18837_none_fa3b1e3d17594757\COMCTL32.dll
0x000007fefd6d0000 - 0x000007fefd741000 	C:\Windows\system32\SHLWAPI.dll
0x000007fefd5c0000 - 0x000007fefd5ee000 	C:\Windows\system32\IMM32.DLL
0x000007feff5c0000 - 0x000007feff6c9000 	C:\Windows\system32\MSCTF.dll
0x000007fefd130000 - 0x000007fefd161000 	C:\Windows\system32\nvinitx.dll
0x000007fefd120000 - 0x000007fefd12c000 	C:\Windows\system32\VERSION.dll
0x000000000f000000 - 0x000000000f006000 	C:\Program Files\NVIDIA Corporation\CoProcManager\detoured.dll
0x000007fefa2d0000 - 0x000007fefa302000 	C:\Program Files\NVIDIA Corporation\CoProcManager\nvd3d9wrapx.dll
0x000007feff1b0000 - 0x000007feff387000 	C:\Windows\system32\SETUPAPI.dll
0x000007fefd2a0000 - 0x000007fefd2d6000 	C:\Windows\system32\CFGMGR32.dll
0x000007feff070000 - 0x000007feff14a000 	C:\Windows\system32\OLEAUT32.dll
0x000007fefd8f0000 - 0x000007fefdaf3000 	C:\Windows\system32\ole32.dll
0x000007fefd390000 - 0x000007fefd3aa000 	C:\Windows\system32\DEVOBJ.dll
0x000007fefa1c0000 - 0x000007fefa1e2000 	C:\Program Files\NVIDIA Corporation\CoProcManager\nvdxgiwrapx.dll
0x00000000616d0000 - 0x00000000617a2000 	C:\Program Files\Java\jdk1.8.0_101\jre\bin\msvcr100.dll
0x000000005f9a0000 - 0x000000006023a000 	C:\Program Files\Java\jdk1.8.0_101\jre\bin\server\jvm.dll
0x000007fef9310000 - 0x000007fef9319000 	C:\Windows\system32\WSOCK32.dll
0x000007fefd8a0000 - 0x000007fefd8ed000 	C:\Windows\system32\WS2_32.dll
0x000007fefd6b0000 - 0x000007fefd6b8000 	C:\Windows\system32\NSI.dll
0x000007fefa1f0000 - 0x000007fefa22b000 	C:\Windows\system32\WINMM.dll
0x0000000077580000 - 0x0000000077587000 	C:\Windows\system32\PSAPI.DLL
0x000000006c140000 - 0x000000006c14f000 	C:\Program Files\Java\jdk1.8.0_101\jre\bin\verify.dll
0x000000006c110000 - 0x000000006c139000 	C:\Program Files\Java\jdk1.8.0_101\jre\bin\java.dll
0x0000000060c60000 - 0x0000000060c83000 	C:\Program Files\Java\jdk1.8.0_101\jre\bin\instrument.dll
0x000000006c0f0000 - 0x000000006c106000 	C:\Program Files\Java\jdk1.8.0_101\jre\bin\zip.dll
0x000007fefe010000 - 0x000007fefed98000 	C:\Windows\system32\SHELL32.dll
0x000007fefd210000 - 0x000007fefd21f000 	C:\Windows\system32\profapi.dll
0x000007fef2430000 - 0x000007fef244a000 	D:\Program Files\JetBrains\IntelliJ IDEA 2018.3\bin\breakgen64.dll
0x000000006c0d0000 - 0x000000006c0ea000 	C:\Program Files\Java\jdk1.8.0_101\jre\bin\net.dll
0x000007fefca50000 - 0x000007fefcaa5000 	C:\Windows\system32\mswsock.dll
0x000007fefca40000 - 0x000007fefca47000 	C:\Windows\System32\wship6.dll
0x00000000695b0000 - 0x00000000695bd000 	C:\Program Files\Java\jdk1.8.0_101\jre\bin\management.dll
0x000000006c0b0000 - 0x000000006c0c1000 	C:\Program Files\Java\jdk1.8.0_101\jre\bin\nio.dll
0x000007fefb150000 - 0x000007fefb165000 	C:\Windows\system32\NLAapi.dll
0x000007fef5b00000 - 0x000007fef5b15000 	C:\Windows\system32\napinsp.dll
0x000007fef5ae0000 - 0x000007fef5af9000 	C:\Windows\system32\pnrpnsp.dll
0x000007fefc8d0000 - 0x000007fefc92b000 	C:\Windows\system32\DNSAPI.dll
0x000007fef5ad0000 - 0x000007fef5adb000 	C:\Windows\System32\winrnr.dll
0x000007fef5ac0000 - 0x000007fef5ad0000 	C:\Windows\system32\wshbth.dll
0x000007fefc2f0000 - 0x000007fefc2f7000 	C:\Windows\System32\wshtcpip.dll
0x000007fefaca0000 - 0x000007fefacc7000 	C:\Windows\system32\IPHLPAPI.DLL
0x000007fefac90000 - 0x000007fefac9b000 	C:\Windows\system32\WINNSI.DLL
0x000007fef6590000 - 0x000007fef6598000 	C:\Windows\system32\rasadhlp.dll
0x000007fef7230000 - 0x000007fef7283000 	C:\Windows\System32\fwpuclnt.dll
0x000007fefcab0000 - 0x000007fefcac7000 	C:\Windows\system32\CRYPTSP.dll
0x000007fefc770000 - 0x000007fefc7b7000 	C:\Windows\system32\rsaenh.dll
0x000007fefd220000 - 0x000007fefd23e000 	C:\Windows\system32\USERENV.dll
0x000007fefd050000 - 0x000007fefd05f000 	C:\Windows\system32\CRYPTBASE.dll
0x000007fef7210000 - 0x000007fef7228000 	C:\Windows\system32\dhcpcsvc.DLL
0x000007fef7190000 - 0x000007fef71a1000 	C:\Windows\system32\dhcpcsvc6.DLL

VM Arguments:
jvm_args: -XX:TieredStopAtLevel=1 -Xverify:none -Dspring.output.ansi.enabled=always -Dcom.sun.management.jmxremote -Dcom.sun.management.jmxremote.port=4335 -Dcom.sun.management.jmxremote.authenticate=false -Dcom.sun.management.jmxremote.ssl=false -Djava.rmi.server.hostname=localhost -Dspring.liveBeansView.mbeanDomain -Dspring.application.admin.enabled=true -javaagent:D:\Program Files\JetBrains\IntelliJ IDEA 2018.3\lib\idea_rt.jar=4336:D:\Program Files\JetBrains\IntelliJ IDEA 2018.3\bin -Dfile.encoding=UTF-8 
java_command: com.atguigu.gmall.MqApplication
java_class_path (initial): C:\Program Files\Java\jdk1.8.0_101\jre\lib\charsets.jar;C:\Program Files\Java\jdk1.8.0_101\jre\lib\deploy.jar;C:\Program Files\Java\jdk1.8.0_101\jre\lib\ext\access-bridge-64.jar;C:\Program Files\Java\jdk1.8.0_101\jre\lib\ext\cldrdata.jar;C:\Program Files\Java\jdk1.8.0_101\jre\lib\ext\dnsns.jar;C:\Program Files\Java\jdk1.8.0_101\jre\lib\ext\jaccess.jar;C:\Program Files\Java\jdk1.8.0_101\jre\lib\ext\jfxrt.jar;C:\Program Files\Java\jdk1.8.0_101\jre\lib\ext\localedata.jar;C:\Program Files\Java\jdk1.8.0_101\jre\lib\ext\nashorn.jar;C:\Program Files\Java\jdk1.8.0_101\jre\lib\ext\sunec.jar;C:\Program Files\Java\jdk1.8.0_101\jre\lib\ext\sunjce_provider.jar;C:\Program Files\Java\jdk1.8.0_101\jre\lib\ext\sunmscapi.jar;C:\Program Files\Java\jdk1.8.0_101\jre\lib\ext\sunpkcs11.jar;C:\Program Files\Java\jdk1.8.0_101\jre\lib\ext\zipfs.jar;C:\Program Files\Java\jdk1.8.0_101\jre\lib\javaws.jar;C:\Program Files\Java\jdk1.8.0_101\jre\lib\jce.jar;C:\Program Files\Java\jdk1.8.0_101\jre\lib\jfr.jar;C:\Program Files\Java\jdk1.8.0_101\jre\lib\jfxswt.jar;C:\Program Files\Java\jdk1.8.0_101\jre\lib\jsse.jar;C:\Program Files\Java\jdk1.8.0_101\jre\lib\management-agent.jar;C:\Program Files\Java\jdk1.8.0_101\jre\lib\plugin.jar;C:\Program Files\Java\jdk1.8.0_101\jre\lib\resources.jar;C:\Program Files\Java\jdk1.8.0_101\jre\lib\rt.jar;I:\IdeaProjects\gmall-parent\service\service-mq\target\classes;I:\IdeaProjects\gmall-parent\common\rabbit-util\target\classes;I:\RepMaven\org\springframework\boot\spring-boot-starter-actuator\2.2.1.RELEASE\spring-boot-starter-actuator-2.2.1.RELEASE.jar;I:\RepMaven\org\springframework\boot\spring-boot-starter\2.2.1.RELEASE\spring-boot-starter-2.2.1.RELEASE.jar;I:\RepMaven\org\springframework\boot\spring-boot\2.2.1.RELEASE\spring-boot-2.2.1.RELEASE.jar;I:\RepMaven\org\springframework\boot\spring-boot-starter-logging\2.2.1.RELEASE\spring-boot-starter-logging-2.2.1.RELEASE.jar;I:\RepMaven\ch\qos\logback\logback-classic\1.2.3\logback-classic-1.2.
Launcher Type: SUN_STANDARD

Environment Variables:



---------------  S Y S T E M  ---------------

OS:Failed to allocate version_info

CPU:total 4 (2 cores per cpu, 2 threads per core) family 6 model 69 stepping 1, cmov, cx8, fxsr, mmx, sse, sse2, sse3, ssse3, sse4.1, sse4.2, popcnt, avx, avx2, aes, clmul, erms, lzcnt, ht, tsc, tscinvbit, bmi1, bmi2

Memory: 4k page, physical 16671088k(5029936k free), swap 16669224k(5004k free)

vm_info: Java HotSpot(TM) 64-Bit Server VM (25.101-b13) for windows-amd64 JRE (1.8.0_101-b13), built on Jun 22 2016 01:21:29 by "java_re" with MS VC++ 10.0 (VS2010)

time: Sat Feb 27 22:18:51 2021
elapsed time: 10 seconds (0d 0h 0m 10s)

